# JRE version: Java(TM) SE Runtime Environment (17.0.7+8) (build 17.0.7+8-LTS-224)
# Java VM: Java HotSpot(TM) 64-Bit Server VM (17.0.7+8-LTS-224, mixed mode, sharing, tiered, compressed oops, compressed class ptrs, g1 gc, windows-amd64)
GC Precious Log:
 CPUs: 12 total, 12 available
 Memory: 16229M
 Large Page Support: Disabled
 NUMA Support: Disabled
 Compressed Oops: Enabled (Zero based)
 Heap Region Size: 2M
 Heap Min Capacity: 8M
 Heap Initial Capacity: 254M
 Heap Max Capacity: 4058M
 Pre-touch: Disabled
 Parallel Workers: 10
 Concurrent Workers: 3
 Concurrent Refinement Workers: 10
 Periodic GC: Disabled
Heap:
 garbage-first heap   total 161792K, used 117271K [0x00000004d6e00000, 0x00000005d4800000)
  region size 2048K, 25 young (51200K), 2 survivors (4096K)
 Metaspace       used 69296K, committed 69888K, reserved 1114112K
  class space    used 9534K, committed 9856K, reserved 1048576K
GC Heap History (20 events):
Event: 3.476 GC heap before
{Heap before GC invocations=3 (full 0):
 garbage-first heap   total 260096K, used 17904K [0x00000004d6e00000, 0x00000005d4800000)
  region size 2048K, 6 young (12288K), 3 survivors (6144K)
 Metaspace       used 21248K, committed 21504K, reserved 1073152K
  class space    used 2672K, committed 2816K, reserved 1048576K
}
Event: 3.480 GC heap after
{Heap after GC invocations=4 (full 0):
 garbage-first heap   total 260096K, used 14662K [0x00000004d6e00000, 0x00000005d4800000)
  region size 2048K, 4 young (8192K), 4 survivors (8192K)
 Metaspace       used 21248K, committed 21504K, reserved 1073152K
  class space    used 2672K, committed 2816K, reserved 1048576K
}
Event: 3.978 GC heap before
{Heap before GC invocations=5 (full 0):
 garbage-first heap   total 61440K, used 43334K [0x00000004d6e00000, 0x00000005d4800000)
  region size 2048K, 18 young (36864K), 4 survivors (8192K)
 Metaspace       used 24713K, committed 24960K, reserved 1073152K
  class space    used 3200K, committed 3328K, reserved 1048576K
}
Event: 3.984 GC heap after
{Heap after GC invocations=6 (full 0):
 garbage-first heap   total 61440K, used 15970K [0x00000004d6e00000, 0x00000005d4800000)
  region size 2048K, 2 young (4096K), 2 survivors (4096K)
 Metaspace       used 24713K, committed 24960K, reserved 1073152K
  class space    used 3200K, committed 3328K, reserved 1048576K
}
Event: 4.035 GC heap before
{Heap before GC invocations=6 (full 0):
 garbage-first heap   total 61440K, used 18018K [0x00000004d6e00000, 0x00000005d4800000)
  region size 2048K, 3 young (6144K), 2 survivors (4096K)
 Metaspace       used 25104K, committed 25344K, reserved 1073152K
  class space    used 3252K, committed 3392K, reserved 1048576K
}
Event: 4.039 GC heap after
{Heap after GC invocations=7 (full 0):
 garbage-first heap   total 61440K, used 16116K [0x00000004d6e00000, 0x00000005d4800000)
  region size 2048K, 1 young (2048K), 1 survivors (2048K)
 Metaspace       used 25104K, committed 25344K, reserved 1073152K
  class space    used 3252K, committed 3392K, reserved 1048576K
}
Event: 4.539 GC heap before
{Heap before GC invocations=7 (full 0):
 garbage-first heap   total 61440K, used 40692K [0x00000004d6e00000, 0x00000005d4800000)
  region size 2048K, 13 young (26624K), 1 survivors (2048K)
 Metaspace       used 28167K, committed 28480K, reserved 1081344K
  class space    used 3674K, committed 3840K, reserved 1048576K
}
Event: 4.542 GC heap after
{Heap after GC invocations=8 (full 0):
 garbage-first heap   total 61440K, used 17490K [0x00000004d6e00000, 0x00000005d4800000)
  region size 2048K, 1 young (2048K), 1 survivors (2048K)
 Metaspace       used 28167K, committed 28480K, reserved 1081344K
  class space    used 3674K, committed 3840K, reserved 1048576K
}
Event: 5.110 GC heap before
{Heap before GC invocations=8 (full 0):
 garbage-first heap   total 61440K, used 40018K [0x00000004d6e00000, 0x00000005d4800000)
  region size 2048K, 13 young (26624K), 1 survivors (2048K)
 Metaspace       used 33516K, committed 33920K, reserved 1081344K
  class space    used 4412K, committed 4608K, reserved 1048576K
}
Event: 5.116 GC heap after
{Heap after GC invocations=9 (full 0):
 garbage-first heap   total 61440K, used 19362K [0x00000004d6e00000, 0x00000005d4800000)
  region size 2048K, 2 young (4096K), 2 survivors (4096K)
 Metaspace       used 33516K, committed 33920K, reserved 1081344K
  class space    used 4412K, committed 4608K, reserved 1048576K
}
Event: 5.220 GC heap before
{Heap before GC invocations=9 (full 0):
 garbage-first heap   total 61440K, used 25506K [0x00000004d6e00000, 0x00000005d4800000)
  region size 2048K, 6 young (12288K), 2 survivors (4096K)
 Metaspace       used 35621K, committed 35968K, reserved 1081344K
  class space    used 4683K, committed 4864K, reserved 1048576K
}
Event: 5.224 GC heap after
{Heap after GC invocations=10 (full 0):
 garbage-first heap   total 61440K, used 20394K [0x00000004d6e00000, 0x00000005d4800000)
  region size 2048K, 2 young (4096K), 2 survivors (4096K)
 Metaspace       used 35621K, committed 35968K, reserved 1081344K
  class space    used 4683K, committed 4864K, reserved 1048576K
}
Event: 5.653 GC heap before
{Heap before GC invocations=11 (full 0):
 garbage-first heap   total 61440K, used 42922K [0x00000004d6e00000, 0x00000005d4800000)
  region size 2048K, 13 young (26624K), 2 survivors (4096K)
 Metaspace       used 41190K, committed 41600K, reserved 1089536K
  class space    used 5475K, committed 5696K, reserved 1048576K
}
Event: 5.659 GC heap after
{Heap after GC invocations=12 (full 0):
 garbage-first heap   total 61440K, used 23471K [0x00000004d6e00000, 0x00000005d4800000)
  region size 2048K, 2 young (4096K), 2 survivors (4096K)
 Metaspace       used 41190K, committed 41600K, reserved 1089536K
  class space    used 5475K, committed 5696K, reserved 1048576K
}
Event: 5.696 GC heap before
{Heap before GC invocations=12 (full 0):
 garbage-first heap   total 61440K, used 25519K [0x00000004d6e00000, 0x00000005d4800000)
  region size 2048K, 3 young (6144K), 2 survivors (4096K)
 Metaspace       used 41701K, committed 42112K, reserved 1089536K
  class space    used 5535K, committed 5760K, reserved 1048576K
}
Event: 5.703 GC heap after
{Heap after GC invocations=13 (full 0):
 garbage-first heap   total 161792K, used 23606K [0x00000004d6e00000, 0x00000005d4800000)
  region size 2048K, 1 young (2048K), 1 survivors (2048K)
 Metaspace       used 41701K, committed 42112K, reserved 1089536K
  class space    used 5535K, committed 5760K, reserved 1048576K
}
Event: 7.269 GC heap before
{Heap before GC invocations=13 (full 0):
 garbage-first heap   total 161792K, used 142390K [0x00000004d6e00000, 0x00000005d4800000)
  region size 2048K, 42 young (86016K), 1 survivors (2048K)
 Metaspace       used 56372K, committed 56832K, reserved 1097728K
  class space    used 7449K, committed 7680K, reserved 1048576K
}
Event: 7.276 GC heap after
{Heap after GC invocations=14 (full 0):
 garbage-first heap   total 161792K, used 69175K [0x00000004d6e00000, 0x00000005d4800000)
  region size 2048K, 5 young (10240K), 5 survivors (10240K)
 Metaspace       used 56372K, committed 56832K, reserved 1097728K
  class space    used 7449K, committed 7680K, reserved 1048576K
}
Event: 12.306 GC heap before
{Heap before GC invocations=15 (full 0):
 garbage-first heap   total 161792K, used 124471K [0x00000004d6e00000, 0x00000005d4800000)
  region size 2048K, 32 young (65536K), 5 survivors (10240K)
 Metaspace       used 64963K, committed 65472K, reserved 1105920K
  class space    used 8837K, committed 9088K, reserved 1048576K
}
Event: 12.312 GC heap after
{Heap after GC invocations=16 (full 0):
 garbage-first heap   total 161792K, used 72215K [0x00000004d6e00000, 0x00000005d4800000)
  region size 2048K, 2 young (4096K), 2 survivors (4096K)
 Metaspace       used 64963K, committed 65472K, reserved 1105920K
  class space    used 8837K, committed 9088K, reserved 1048576K
}

